<?xml version="1.0" encoding="UTF-8"?>
<!-- Generated by org.testng.reporters.JUnitReportReporter -->
<testsuite hostname="Deepaks-MacBook-Air.local" failures="0" tests="1" name="GreenKartTests.EndToEndTests" time="15.500" errors="0" timestamp="2023-05-16T19:35:07 EDT" skipped="0">
  <testcase classname="GreenKartTests.EndToEndTests" name="GreenKartEndToEndTest" time="15.500"/>
  <system-out/>
</testsuite> <!-- GreenKartTests.EndToEndTests -->
