<?xml version="1.0" encoding="UTF-8"?>
<!-- Generated by org.testng.reporters.JUnitReportReporter -->
<testsuite hostname="Deepaks-MacBook-Air.local" failures="0" tests="2" name="GreenKartTests.HomePageTest" time="7.723" errors="0" timestamp="2023-05-16T19:35:07 EDT" skipped="0">
  <testcase classname="GreenKartTests.HomePageTest" name="DefaultItemsPriceTest" time="3.752"/>
  <system-out/>
  <testcase classname="GreenKartTests.HomePageTest" name="PageTitleTest" time="3.971"/>
  <system-out/>
</testsuite> <!-- GreenKartTests.HomePageTest -->
