<?xml version="1.0" encoding="UTF-8"?>
<!-- Generated by org.testng.reporters.JUnitReportReporter -->
<testsuite hostname="Deepaks-MacBook-Air.local" failures="0" tests="2" name="TestngTests.SampleMavenTest" time="0.002" errors="0" timestamp="2023-05-16T14:26:31 EDT" skipped="0">
  <testcase classname="TestngTests.SampleMavenTest" name="testMaven2" time="0.002"/>
  <system-out/>
  <testcase classname="TestngTests.SampleMavenTest" name="testMaven" time="0.000"/>
  <system-out/>
</testsuite> <!-- TestngTests.SampleMavenTest -->
